<?xml version="1.0" encoding="UTF-8"?>
<testng-results ignored="0" total="1" passed="1" failed="0" skipped="0">
  <reporter-output>
  </reporter-output>
  <suite started-at="2023-04-21T18:13:26 IST" name="Default suite" finished-at="2023-04-21T18:13:50 IST" duration-ms="23092">
    <groups>
      <group name="regressiontest">
        <method signature="CreateOrganizationTest.createOrganizationTest()[pri:0, instance:Organizations.CreateOrganizationTest@74fe5c40]" name="createOrganizationTest" class="Organizations.CreateOrganizationTest"/>
      </group> <!-- regressiontest -->
      <group name="sanitytest">
        <method signature="CreateOrganizationTest.createOrganizationTest()[pri:0, instance:Organizations.CreateOrganizationTest@74fe5c40]" name="createOrganizationTest" class="Organizations.CreateOrganizationTest"/>
      </group> <!-- sanitytest -->
      <group name="smoketest">
        <method signature="CreateOrganizationTest.createOrganizationTest()[pri:0, instance:Organizations.CreateOrganizationTest@74fe5c40]" name="createOrganizationTest" class="Organizations.CreateOrganizationTest"/>
      </group> <!-- smoketest -->
    </groups>
    <test started-at="2023-04-21T18:13:26 IST" name="Default test" finished-at="2023-04-21T18:13:50 IST" duration-ms="23092">
      <class name="Organizations.CreateOrganizationTest">
        <test-method is-config="true" signature="BS()[pri:0, instance:Organizations.CreateOrganizationTest@74fe5c40]" started-at="2023-04-21T18:13:26 IST" name="BS" finished-at="2023-04-21T18:13:26 IST" duration-ms="10" status="PASS">
          <reporter-output>
          </reporter-output>
        </test-method> <!-- BS -->
        <test-method is-config="true" signature="BT()[pri:0, instance:Organizations.CreateOrganizationTest@74fe5c40]" started-at="2023-04-21T18:13:26 IST" name="BT" finished-at="2023-04-21T18:13:26 IST" duration-ms="0" status="PASS">
          <reporter-output>
          </reporter-output>
        </test-method> <!-- BT -->
        <test-method is-config="true" signature="BC()[pri:0, instance:Organizations.CreateOrganizationTest@74fe5c40]" started-at="2023-04-21T18:13:27 IST" name="BC" finished-at="2023-04-21T18:13:30 IST" duration-ms="3154" status="PASS">
          <reporter-output>
          </reporter-output>
        </test-method> <!-- BC -->
        <test-method is-config="true" signature="BM()[pri:0, instance:Organizations.CreateOrganizationTest@74fe5c40]" started-at="2023-04-21T18:13:30 IST" name="BM" finished-at="2023-04-21T18:13:35 IST" duration-ms="5498" status="PASS">
          <reporter-output>
          </reporter-output>
        </test-method> <!-- BM -->
        <test-method signature="createOrganizationTest()[pri:0, instance:Organizations.CreateOrganizationTest@74fe5c40]" started-at="2023-04-21T18:13:35 IST" name="createOrganizationTest" finished-at="2023-04-21T18:13:48 IST" duration-ms="12664" status="PASS">
          <reporter-output>
          </reporter-output>
        </test-method> <!-- createOrganizationTest -->
        <test-method is-config="true" signature="AM()[pri:0, instance:Organizations.CreateOrganizationTest@74fe5c40]" started-at="2023-04-21T18:13:48 IST" name="AM" finished-at="2023-04-21T18:13:49 IST" duration-ms="1506" status="PASS">
          <reporter-output>
          </reporter-output>
        </test-method> <!-- AM -->
        <test-method is-config="true" signature="AC()[pri:0, instance:Organizations.CreateOrganizationTest@74fe5c40]" started-at="2023-04-21T18:13:49 IST" name="AC" finished-at="2023-04-21T18:13:50 IST" duration-ms="225" status="PASS">
          <reporter-output>
          </reporter-output>
        </test-method> <!-- AC -->
        <test-method is-config="true" signature="AT()[pri:0, instance:Organizations.CreateOrganizationTest@74fe5c40]" started-at="2023-04-21T18:13:50 IST" name="AT" finished-at="2023-04-21T18:13:50 IST" duration-ms="1" status="PASS">
          <reporter-output>
          </reporter-output>
        </test-method> <!-- AT -->
        <test-method is-config="true" signature="AS()[pri:0, instance:Organizations.CreateOrganizationTest@74fe5c40]" started-at="2023-04-21T18:13:50 IST" name="AS" finished-at="2023-04-21T18:13:50 IST" duration-ms="0" status="PASS">
          <reporter-output>
          </reporter-output>
        </test-method> <!-- AS -->
      </class> <!-- Organizations.CreateOrganizationTest -->
    </test> <!-- Default test -->
  </suite> <!-- Default suite -->
</testng-results>
